<?xml version="1.0" encoding="UTF-8"?>
<testsuite xmlns:xsi="http://www.w3.org/2001/XMLSchema-instance" xsi:noNamespaceSchemaLocation="https://maven.apache.org/surefire/maven-surefire-plugin/xsd/surefire-test-report.xsd" version="3.0.2" name="TestSuite" time="36.386" tests="1" errors="0" skipped="0" failures="0">
  <properties>
[...]
</properties>
  <testcase name="verify_accountRegistration" classname="testCases.TC001_AccountRegistrationTest" time="5.05">
    <system-out><![CDATA[2024-08-28T07:09:00.505229800Z main DEBUG Apache Log4j Core 2.23 initializing configuration XmlConfiguration[location=D:\Java_learning\Eclipse_workspace\OpenCart\target\test-classes\log4j2.xml]
2024-08-28T07:09:00.518225100Z main DEBUG PluginManager 'Core' found 131 plugins
2024-08-28T07:09:00.519229500Z main DEBUG PluginManager 'Level' found 0 plugins
2024-08-28T07:09:00.527230Z main DEBUG Building Plugin[name=property, class=org.apache.logging.log4j.core.config.Property].
2024-08-28T07:09:00.554959800Z main DEBUG PluginManager 'TypeConverter' found 26 plugins
2024-08-28T07:09:00.576953700Z main DEBUG createProperty(name="basepath", value="./logs", Configuration(D:\Java_learning\Eclipse_workspace\OpenCart\target\test-classes\log4j2.xml))
2024-08-28T07:09:00.576953700Z main DEBUG Building Plugin[name=properties, class=org.apache.logging.log4j.core.config.PropertiesPlugin].
2024-08-28T07:09:00.580958600Z main DEBUG configureSubstitutor(={basepath=./logs}, Configuration(D:\Java_learning\Eclipse_workspace\OpenCart\target\test-classes\log4j2.xml))
2024-08-28T07:09:00.582612100Z main DEBUG PluginManager 'Lookup' found 16 plugins
2024-08-28T07:09:00.582952300Z main DEBUG Building Plugin[name=layout, class=org.apache.logging.log4j.core.layout.PatternLayout].
2024-08-28T07:09:00.601428600Z main DEBUG PatternLayout$Builder(pattern="%d{HH:mm:ss.SSS} [%t] %-5level %logger{36} - %msg%n", PatternSelector=null, Configuration(D:\Java_learning\Eclipse_workspace\OpenCart\target\test-classes\log4j2.xml), Replace=null, charset="null", alwaysWriteExceptions="null", disableAnsi="null", noConsoleNoAnsi="null", header="null", footer="null")
2024-08-28T07:09:00.602430100Z main DEBUG PluginManager 'Converter' found 45 plugins
2024-08-28T07:09:00.604434800Z main DEBUG Building Plugin[name=appender, class=org.apache.logging.log4j.core.appender.ConsoleAppender].
2024-08-28T07:09:00.629428600Z main DEBUG ConsoleAppender$Builder(target="SYSTEM_OUT", follow="null", direct="null", bufferedIo="null", bufferSize="null", immediateFlush="null", ignoreExceptions="null", PatternLayout(%d{HH:mm:ss.SSS} [%t] %-5level %logger{36} - %msg%n), name="LogToConsole", Configuration(D:\Java_learning\Eclipse_workspace\OpenCart\target\test-classes\log4j2.xml), Filter=null, ={})
2024-08-28T07:09:00.635445900Z main DEBUG Starting OutputStreamManager SYSTEM_OUT.false.false
2024-08-28T07:09:00.635445900Z main DEBUG Building Plugin[name=layout, class=org.apache.logging.log4j.core.layout.PatternLayout].
2024-08-28T07:09:00.636431700Z main DEBUG PatternLayout$Builder(pattern="%d{HH:mm:ss.SSS} [%t] %-5level %logger{36} - %msg%n", PatternSelector=null, Configuration(D:\Java_learning\Eclipse_workspace\OpenCart\target\test-classes\log4j2.xml), Replace=null, charset="null", alwaysWriteExceptions="null", disableAnsi="null", noConsoleNoAnsi="null", header="null", footer="null")
2024-08-28T07:09:00.637428200Z main DEBUG Building Plugin[name=SizeBasedTriggeringPolicy, class=org.apache.logging.log4j.core.appender.rolling.SizeBasedTriggeringPolicy].
2024-08-28T07:09:00.649976Z main DEBUG createPolicy(size="5000")
2024-08-28T07:09:00.652974100Z main DEBUG Building Plugin[name=appender, class=org.apache.logging.log4j.core.appender.RollingFileAppender].
2024-08-28T07:09:00.659973100Z main DEBUG RollingFileAppender$Builder(fileName="./logs/automation.log", filePattern="./logs/automation-%d{yyyy-mm-dd}.log", append="null", locking="null", SizeBasedTriggeringPolicy(SizeBasedTriggeringPolicy(size=5000)), Strategy=null, advertise="null", advertiseUri="null", createOnDemand="null", filePermissions="null", fileOwner="null", fileGroup="null", bufferedIo="null", bufferSize="null", immediateFlush="null", ignoreExceptions="null", PatternLayout(%d{HH:mm:ss.SSS} [%t] %-5level %logger{36} - %msg%n), name="LogToFile", Configuration(D:\Java_learning\Eclipse_workspace\OpenCart\target\test-classes\log4j2.xml), Filter=null, ={})
2024-08-28T07:09:00.685316900Z main DEBUG Returning file creation time for D:\Java_learning\Eclipse_workspace\OpenCart\.\logs\automation.log
2024-08-28T07:09:00.686316400Z main DEBUG Starting RollingFileManager ./logs/automation.log
2024-08-28T07:09:00.689314Z main DEBUG PluginManager 'FileConverter' found 2 plugins
2024-08-28T07:09:00.718828700Z main DEBUG Setting prev file time to 2024-08-27T22:17:48.934+0530
2024-08-28T07:09:00.719828600Z main DEBUG Initializing triggering policy SizeBasedTriggeringPolicy(size=5000)
2024-08-28T07:09:00.719828600Z main DEBUG Building Plugin[name=appenders, class=org.apache.logging.log4j.core.config.AppendersPlugin].
2024-08-28T07:09:00.720855400Z main DEBUG createAppenders(={LogToConsole, LogToFile})
2024-08-28T07:09:00.722852100Z main DEBUG Building Plugin[name=AppenderRef, class=org.apache.logging.log4j.core.config.AppenderRef].
2024-08-28T07:09:00.730823800Z main DEBUG createAppenderRef(ref="LogToFile", level="null", Filter=null)
2024-08-28T07:09:00.730823800Z main DEBUG Building Plugin[name=root, class=org.apache.logging.log4j.core.config.LoggerConfig$RootLogger].
2024-08-28T07:09:00.733828700Z main DEBUG LoggerConfig$RootLogger$Builder(additivity="null", level="DEBUG", levelAndRefs="null", includeLocation="null", ={LogToFile}, ={}, Configuration(D:\Java_learning\Eclipse_workspace\OpenCart\target\test-classes\log4j2.xml), Filter=null)
2024-08-28T07:09:00.737826700Z main DEBUG Building Plugin[name=loggers, class=org.apache.logging.log4j.core.config.LoggersPlugin].
2024-08-28T07:09:00.739831600Z main DEBUG createLoggers(={root})
2024-08-28T07:09:00.739831600Z main DEBUG Configuration XmlConfiguration[location=D:\Java_learning\Eclipse_workspace\OpenCart\target\test-classes\log4j2.xml] initialized
2024-08-28T07:09:00.741826600Z main DEBUG Starting configuration XmlConfiguration[location=D:\Java_learning\Eclipse_workspace\OpenCart\target\test-classes\log4j2.xml]
2024-08-28T07:09:00.742826900Z main DEBUG Started configuration XmlConfiguration[location=D:\Java_learning\Eclipse_workspace\OpenCart\target\test-classes\log4j2.xml] OK.
2024-08-28T07:09:00.745366500Z main DEBUG Shutting down OutputStreamManager SYSTEM_OUT.false.false-1
2024-08-28T07:09:00.746397100Z main DEBUG OutputStream closed
2024-08-28T07:09:00.747388600Z main DEBUG Shut down OutputStreamManager SYSTEM_OUT.false.false-1, all resources released: true
2024-08-28T07:09:00.749387Z main DEBUG Appender DefaultConsole-1 stopped with status true
2024-08-28T07:09:00.753387900Z main DEBUG Stopped org.apache.logging.log4j.core.config.DefaultConfiguration@7e5afaa6 OK
2024-08-28T07:09:01.126599700Z main DEBUG Registering MBean org.apache.logging.log4j2:type=30946e09
2024-08-28T07:09:01.129648200Z main DEBUG Registering MBean org.apache.logging.log4j2:type=30946e09,component=StatusLogger
2024-08-28T07:09:01.131712600Z main DEBUG Registering MBean org.apache.logging.log4j2:type=30946e09,component=ContextSelector
2024-08-28T07:09:01.132711300Z main DEBUG Registering MBean org.apache.logging.log4j2:type=30946e09,component=Loggers,name=
2024-08-28T07:09:01.143277400Z main DEBUG Registering MBean org.apache.logging.log4j2:type=30946e09,component=Appenders,name=LogToConsole
2024-08-28T07:09:01.144247Z main DEBUG Registering MBean org.apache.logging.log4j2:type=30946e09,component=Appenders,name=LogToFile
2024-08-28T07:09:01.146370200Z main DEBUG org.apache.logging.log4j.core.util.SystemClock supports precise timestamps.
2024-08-28T07:09:01.147383500Z main DEBUG Reconfiguration complete for context[name=30946e09] at URI D:\Java_learning\Eclipse_workspace\OpenCart\target\test-classes\log4j2.xml (org.apache.logging.log4j.core.LoggerContext@31bcf236) with optional ClassLoader: null
2024-08-28T07:09:01.147486900Z main DEBUG Shutdown hook enabled. Registering a new one.
2024-08-28T07:09:01.148388Z main DEBUG LoggerContext[name=30946e09, org.apache.logging.log4j.core.LoggerContext@31bcf236] started OK.
]]></system-out>
    <system-err><![CDATA[Aug 28, 2024 12:39:04 PM org.openqa.selenium.manager.SeleniumManager lambda$runCommand$1
WARNING: The geckodriver version (0.33.0) detected in PATH at D:\Java_learning\geckodriver-v0.33.0-win64\geckodriver.exe might not be compatible with the detected firefox version (129.0.2.591); currently, geckodriver 0.35.0 is recommended for firefox 129.*, so it is advised to delete the driver in PATH and retry
]]></system-err>
  </testcase>
</testsuite>