<?xml version="1.0" encoding="UTF-8"?>
<testng-results ignored="0" total="2" passed="2" failed="0" skipped="0">
  <reporter-output>
  </reporter-output>
  <suite started-at="2024-08-27T22:18:44 IST" name="Suite" finished-at="2024-08-27T22:19:12 IST" duration-ms="27833">
    <groups>
      <group name="Master">
        <method signature="TC001_AccountRegistrationTest.verify_accountRegistration()[pri:0, instance:testCases.TC001_AccountRegistrationTest@18b0930f]" name="verify_accountRegistration" class="testCases.TC001_AccountRegistrationTest"/>
        <method signature="TC001_AccountRegistrationTest.verify_accountRegistration()[pri:0, instance:testCases.TC001_AccountRegistrationTest@7fe7c640]" name="verify_accountRegistration" class="testCases.TC001_AccountRegistrationTest"/>
      </group> <!-- Master -->
      <group name="Regression">
        <method signature="TC001_AccountRegistrationTest.verify_accountRegistration()[pri:0, instance:testCases.TC001_AccountRegistrationTest@18b0930f]" name="verify_accountRegistration" class="testCases.TC001_AccountRegistrationTest"/>
        <method signature="TC001_AccountRegistrationTest.verify_accountRegistration()[pri:0, instance:testCases.TC001_AccountRegistrationTest@7fe7c640]" name="verify_accountRegistration" class="testCases.TC001_AccountRegistrationTest"/>
      </group> <!-- Regression -->
    </groups>
    <test started-at="2024-08-27T22:18:44 IST" name="ChromeTest" finished-at="2024-08-27T22:18:52 IST" duration-ms="8448">
      <class name="testCases.TC001_AccountRegistrationTest">
        <test-method is-config="true" signature="setup(java.lang.String,java.lang.String)[pri:0, instance:testCases.TC001_AccountRegistrationTest@18b0930f]" started-at="2024-08-27T22:18:44 IST" name="setup" finished-at="2024-08-27T22:18:49 IST" duration-ms="4498" status="PASS">
          <params>
            <param index="0">
              <value>
                <![CDATA[linux]]>
              </value>
            </param>
            <param index="1">
              <value>
                <![CDATA[chrome]]>
              </value>
            </param>
          </params>
          <reporter-output>
          </reporter-output>
        </test-method> <!-- setup -->
        <test-method signature="verify_accountRegistration()[pri:0, instance:testCases.TC001_AccountRegistrationTest@18b0930f]" started-at="2024-08-27T22:18:49 IST" name="verify_accountRegistration" finished-at="2024-08-27T22:18:52 IST" duration-ms="3440" status="PASS">
          <reporter-output>
          </reporter-output>
        </test-method> <!-- verify_accountRegistration -->
        <test-method is-config="true" signature="tearDown()[pri:0, instance:testCases.TC001_AccountRegistrationTest@18b0930f]" started-at="2024-08-27T22:18:52 IST" name="tearDown" finished-at="2024-08-27T22:18:52 IST" duration-ms="117" status="PASS">
          <reporter-output>
          </reporter-output>
        </test-method> <!-- tearDown -->
      </class> <!-- testCases.TC001_AccountRegistrationTest -->
    </test> <!-- ChromeTest -->
    <test started-at="2024-08-27T22:18:53 IST" name="FireFoxTest" finished-at="2024-08-27T22:19:12 IST" duration-ms="18932">
      <class name="testCases.TC001_AccountRegistrationTest">
        <test-method is-config="true" signature="setup(java.lang.String,java.lang.String)[pri:0, instance:testCases.TC001_AccountRegistrationTest@7fe7c640]" started-at="2024-08-27T22:18:53 IST" name="setup" finished-at="2024-08-27T22:19:06 IST" duration-ms="13205" status="PASS">
          <params>
            <param index="0">
              <value>
                <![CDATA[linux]]>
              </value>
            </param>
            <param index="1">
              <value>
                <![CDATA[firefox]]>
              </value>
            </param>
          </params>
          <reporter-output>
          </reporter-output>
        </test-method> <!-- setup -->
        <test-method signature="verify_accountRegistration()[pri:0, instance:testCases.TC001_AccountRegistrationTest@7fe7c640]" started-at="2024-08-27T22:19:06 IST" name="verify_accountRegistration" finished-at="2024-08-27T22:19:10 IST" duration-ms="4168" status="PASS">
          <reporter-output>
          </reporter-output>
        </test-method> <!-- verify_accountRegistration -->
        <test-method is-config="true" signature="tearDown()[pri:0, instance:testCases.TC001_AccountRegistrationTest@7fe7c640]" started-at="2024-08-27T22:19:10 IST" name="tearDown" finished-at="2024-08-27T22:19:12 IST" duration-ms="1544" status="PASS">
          <reporter-output>
          </reporter-output>
        </test-method> <!-- tearDown -->
      </class> <!-- testCases.TC001_AccountRegistrationTest -->
    </test> <!-- FireFoxTest -->
  </suite> <!-- Suite -->
</testng-results>
